                              1 ;--------------------------------------------------------
                              2 ; File Created by SDCC : FreeWare ANSI-C Compiler
                              3 ; Version 2.3.1 Sun Feb 12 13:10:24 2017
                              4 
                              5 ;--------------------------------------------------------
                              6 	.module lcc41510
                              7 	
                              8 ;--------------------------------------------------------
                              9 ; Public variables in this module
                             10 ;--------------------------------------------------------
                             11 	.globl _main
                             12 	.globl _initialize
                             13 	.globl _init_bg
                             14 	.globl _init_player
                             15 	.globl _game_loop
                             16 	.globl _update_score_display
                             17 	.globl _draw_player
                             18 	.globl _read_controls
                             19 	.globl _cooked_percent
                             20 	.globl _player_y
                             21 	.globl _player_x
                             22 	.globl _BG_PAL_1
                             23 	.globl _BG_PAL_TEXT
                             24 	.globl _PLAYER_SPR_BOT_PAL
                             25 	.globl _PLAYER_SPR_TOP_PAL
                             26 	.globl _PLAYER_SPR_BOT_DATA
                             27 	.globl _PLAYER_SPR_TOP_DATA
                             28 	.globl _set_score
                             29 	.globl _update_score
                             30 ;--------------------------------------------------------
                             31 ; special function registers
                             32 ;--------------------------------------------------------
                             33 ;--------------------------------------------------------
                             34 ; special function bits 
                             35 ;--------------------------------------------------------
                             36 ;--------------------------------------------------------
                             37 ; internal ram data
                             38 ;--------------------------------------------------------
                             39 	.area _DATA
   0000                      40 _player_x::
   0000                      41 	.ds 1
   0001                      42 _player_y::
   0001                      43 	.ds 1
   0002                      44 _cooked_percent::
   0002                      45 	.ds 1
                             46 ;--------------------------------------------------------
                             47 ; overlayable items in internal ram 
                             48 ;--------------------------------------------------------
                             49 	.area _OVERLAY
                             50 ;--------------------------------------------------------
                             51 ; indirectly addressable internal ram data
                             52 ;--------------------------------------------------------
                             53 	.area _ISEG
                             54 ;--------------------------------------------------------
                             55 ; bit data
                             56 ;--------------------------------------------------------
                             57 	.area _BSEG
                             58 ;--------------------------------------------------------
                             59 ; external ram data
                             60 ;--------------------------------------------------------
                             61 	.area _XSEG
                             62 ;--------------------------------------------------------
                             63 ; global & static initialisations
                             64 ;--------------------------------------------------------
                             65 	.area _GSINIT
                             66 	.area _GSFINAL
                             67 	.area _GSINIT
                             68 ;--------------------------------------------------------
                             69 ; Home
                             70 ;--------------------------------------------------------
                             71 	.area _HOME
                             72 	.area _CODE
                             73 ;--------------------------------------------------------
                             74 ; code
                             75 ;--------------------------------------------------------
                             76 	.area _CODE
                             77 ;	src/food-spirit.c 19
                             78 ;	genLabel
                             79 ;	genFunction
                             80 ;	---------------------------------
                             81 ; Function read_controls
                             82 ; ---------------------------------
   0000                      83 ___read_controls_start:
   0000                      84 _read_controls:
                             85 	
                             86 ;	src/food-spirit.c 20
                             87 ;	genCall
                             88 ; _saveRegsForCall: sendSetSize: 0 deInUse: 0 bcInUse: 0 deSending: 0
   0000 CD 00 00             89 	call	_joypad
   0003 4B                   90 	ld	c,e
                             91 ;	genAssign
                             92 ;	(registers are the same)
                             93 ;	src/food-spirit.c 22
                             94 ;	genAnd
   0004 79                   95 	ld	a,c
   0005 E6 04                96 	and	a,#0x04
   0007 20 03                97 	jr	nz,00115$
   0009 C3 10 00             98 	jp	00102$
   000C                      99 00115$:
                            100 ;	src/food-spirit.c 23
                            101 ;	genMinus
                            102 ;	AOP_HL for _player_y
   000C 21 01 00            103 	ld	hl,#_player_y
   000F 35                  104 	dec	(hl)
                            105 ;	genLabel
   0010                     106 00102$:
                            107 ;	src/food-spirit.c 25
                            108 ;	genAnd
   0010 79                  109 	ld	a,c
   0011 E6 08               110 	and	a,#0x08
   0013 20 03               111 	jr	nz,00116$
   0015 C3 1C 00            112 	jp	00104$
   0018                     113 00116$:
                            114 ;	src/food-spirit.c 26
                            115 ;	genPlus
                            116 ;	AOP_HL for _player_y
                            117 ;	genPlusIncr
   0018 21 01 00            118 	ld	hl,#_player_y
   001B 34                  119 	inc	(hl)
                            120 ;	genLabel
   001C                     121 00104$:
                            122 ;	src/food-spirit.c 28
                            123 ;	genAnd
   001C 79                  124 	ld	a,c
   001D E6 01               125 	and	a,#0x01
   001F 20 03               126 	jr	nz,00117$
   0021 C3 28 00            127 	jp	00106$
   0024                     128 00117$:
                            129 ;	src/food-spirit.c 29
                            130 ;	genPlus
                            131 ;	AOP_HL for _player_x
                            132 ;	genPlusIncr
   0024 21 00 00            133 	ld	hl,#_player_x
   0027 34                  134 	inc	(hl)
                            135 ;	genLabel
   0028                     136 00106$:
                            137 ;	src/food-spirit.c 31
                            138 ;	genAnd
   0028 79                  139 	ld	a,c
   0029 E6 02               140 	and	a,#0x02
   002B 20 03               141 	jr	nz,00118$
   002D C3 34 00            142 	jp	00109$
   0030                     143 00118$:
                            144 ;	src/food-spirit.c 32
                            145 ;	genMinus
                            146 ;	AOP_HL for _player_x
   0030 21 00 00            147 	ld	hl,#_player_x
   0033 35                  148 	dec	(hl)
                            149 ;	genLabel
   0034                     150 00109$:
                            151 ;	genEndFunction
                            152 	
   0034 C9                  153 	ret
   0035                     154 ___read_controls_end:
   0035                     155 _PLAYER_SPR_TOP_DATA:
   0035 00                  156 	.db #0x00
   0036 18                  157 	.db #0x18
   0037 18                  158 	.db #0x18
   0038 66                  159 	.db #0x66
   0039 7E                  160 	.db #0x7E
   003A A5                  161 	.db #0xA5
   003B 7E                  162 	.db #0x7E
   003C A5                  163 	.db #0xA5
   003D 3C                  164 	.db #0x3C
   003E 42                  165 	.db #0x42
   003F 00                  166 	.db #0x00
   0040 3C                  167 	.db #0x3C
   0041 00                  168 	.db #0x00
   0042 3C                  169 	.db #0x3C
   0043 00                  170 	.db #0x00
   0044 5A                  171 	.db #0x5A
   0045                     172 _PLAYER_SPR_BOT_DATA:
   0045 00                  173 	.db #0x00
   0046 5A                  174 	.db #0x5A
   0047 00                  175 	.db #0x00
   0048 5A                  176 	.db #0x5A
   0049 18                  177 	.db #0x18
   004A 42                  178 	.db #0x42
   004B 18                  179 	.db #0x18
   004C 00                  180 	.db #0x00
   004D 24                  181 	.db #0x24
   004E 00                  182 	.db #0x00
   004F 24                  183 	.db #0x24
   0050 00                  184 	.db #0x00
   0051 42                  185 	.db #0x42
   0052 00                  186 	.db #0x00
   0053 00                  187 	.db #0x00
   0054 42                  188 	.db #0x42
   0055                     189 _PLAYER_SPR_TOP_PAL:
   0055 00 00               190 	.dw #0x0000
   0057 34 46               191 	.dw #0x4634
   0059 00 00               192 	.dw #0x0000
   005B A5 20               193 	.dw #0x20A5
   005D                     194 _PLAYER_SPR_BOT_PAL:
   005D 00 00               195 	.dw #0x0000
   005F 00 7C               196 	.dw #0x7C00
   0061 00 00               197 	.dw #0x0000
   0063 00 00               198 	.dw #0x0000
   0065                     199 _BG_PAL_TEXT:
   0065 FF 7F               200 	.dw #0x7FFF
   0067 00 00               201 	.dw #0x0000
   0069 00 00               202 	.dw #0x0000
   006B 00 00               203 	.dw #0x0000
   006D                     204 _BG_PAL_1:
   006D 00 00               205 	.dw #0x0000
   006F 1F 00               206 	.dw #0x001F
   0071 E0 00               207 	.dw #0x00E0
   0073 00 7C               208 	.dw #0x7C00
                            209 ;	src/food-spirit.c 35
                            210 ;	genLabel
                            211 ;	genFunction
                            212 ;	---------------------------------
                            213 ; Function draw_player
                            214 ; ---------------------------------
   0075                     215 ___draw_player_start:
   0075                     216 _draw_player:
                            217 	
                            218 ;	src/food-spirit.c 36
                            219 ;	genIpush
                            220 ; _saveRegsForCall: sendSetSize: 0 deInUse: 0 bcInUse: 0 deSending: 0
                            221 ;	AOP_HL for _player_y
   0075 21 01 00            222 	ld	hl,#_player_y
   0078 7E                  223 	ld	a,(hl)
   0079 F5                  224 	push	af
   007A 33                  225 	inc	sp
                            226 ;	genIpush
                            227 ;	AOP_HL for _player_x
   007B 21 00 00            228 	ld	hl,#_player_x
   007E 7E                  229 	ld	a,(hl)
   007F F5                  230 	push	af
   0080 33                  231 	inc	sp
                            232 ;	genIpush
   0081 3E 01               233 	ld	a,#0x01
   0083 F5                  234 	push	af
   0084 33                  235 	inc	sp
                            236 ;	genCall
   0085 CD 00 00            237 	call	_move_sprite
   0088 E8 03               238 	lda	sp,3(sp)
                            239 ;	src/food-spirit.c 37
                            240 ;	genMinus
                            241 ;	AOP_HL for _player_y
   008A 21 01 00            242 	ld	hl,#_player_y
   008D 7E                  243 	ld	a,(hl)
   008E C6 F8               244 	add	a,#0xF8
                            245 ;	genIpush
                            246 ; _saveRegsForCall: sendSetSize: 0 deInUse: 0 bcInUse: 0 deSending: 0
   0090 4F                  247 	ld	c,a
   0091 F5                  248 	push	af
   0092 33                  249 	inc	sp
                            250 ;	genIpush
                            251 ;	AOP_HL for _player_x
   0093 21 00 00            252 	ld	hl,#_player_x
   0096 7E                  253 	ld	a,(hl)
   0097 F5                  254 	push	af
   0098 33                  255 	inc	sp
                            256 ;	genIpush
   0099 3E 00               257 	ld	a,#0x00
   009B F5                  258 	push	af
   009C 33                  259 	inc	sp
                            260 ;	genCall
   009D CD 00 00            261 	call	_move_sprite
   00A0 E8 03               262 	lda	sp,3(sp)
                            263 ;	genLabel
   00A2                     264 00101$:
                            265 ;	genEndFunction
                            266 	
   00A2 C9                  267 	ret
   00A3                     268 ___draw_player_end:
                            269 ;	src/food-spirit.c 40
                            270 ;	genLabel
                            271 ;	genFunction
                            272 ;	---------------------------------
                            273 ; Function update_score_display
                            274 ; ---------------------------------
   00A3                     275 ___update_score_display_start:
   00A3                     276 _update_score_display:
                            277 	
                            278 ;	src/food-spirit.c 41
                            279 ;	genIpush
                            280 ; _saveRegsForCall: sendSetSize: 0 deInUse: 0 bcInUse: 0 deSending: 0
   00A3 21 00 00            281 	ld	hl,#0x0000
   00A6 E5                  282 	push	hl
                            283 ;	genCall
   00A7 CD 00 00            284 	call	_gotogxy
   00AA E8 02               285 	lda	sp,2(sp)
                            286 ;	src/food-spirit.c 42
                            287 ;	genCast
                            288 ;	AOP_HL for _cooked_percent
   00AC 21 02 00            289 	ld	hl,#_cooked_percent
   00AF 4E                  290 	ld	c,(hl)
   00B0 7E                  291 	ld	a,(hl)
   00B1 17                  292 	rla	
   00B2 9F                  293 	sbc	a,a
   00B3 47                  294 	ld	b,a
                            295 ;	genIpush
                            296 ; _saveRegsForCall: sendSetSize: 0 deInUse: 0 bcInUse: 0 deSending: 0
   00B4 C5                  297 	push	bc
                            298 ;	genIpush
   00B5 21 BF 00            299 	ld	hl,#__str_0
   00B8 E5                  300 	push	hl
                            301 ;	genCall
   00B9 CD 00 00            302 	call	_gprintf
   00BC E8 04               303 	lda	sp,4(sp)
                            304 ;	genLabel
   00BE                     305 00101$:
                            306 ;	genEndFunction
                            307 	
   00BE C9                  308 	ret
   00BF                     309 ___update_score_display_end:
   00BF                     310 __str_0:
   00BF 25 64 25 25 20 54   311 	.ascii "%d%% Tasty  "
        61 73 74 79 20 20
   00CB 00                  312 	.db 0x00
                            313 ;	src/food-spirit.c 45
                            314 ;	genLabel
                            315 ;	genFunction
                            316 ;	---------------------------------
                            317 ; Function set_score
                            318 ; ---------------------------------
   00CC                     319 ___set_score_start:
   00CC                     320 _set_score:
                            321 	
                            322 ;	src/food-spirit.c 46
                            323 ;	genCast
                            324 ;	AOP_STK for 
                            325 ;	AOP_HL for _cooked_percent
   00CC F8 02               326 	lda	hl,2(sp)
   00CE 7E                  327 	ld	a,(hl)
   00CF 21 02 00            328 	ld	hl,#_cooked_percent
   00D2 77                  329 	ld	(hl),a
                            330 ;	src/food-spirit.c 47
                            331 ;	genCall
                            332 ; _saveRegsForCall: sendSetSize: 0 deInUse: 0 bcInUse: 0 deSending: 0
   00D3 CD A3 00            333 	call	_update_score_display
                            334 ;	genLabel
   00D6                     335 00101$:
                            336 ;	genEndFunction
                            337 	
   00D6 C9                  338 	ret
   00D7                     339 ___set_score_end:
                            340 ;	src/food-spirit.c 50
                            341 ;	genLabel
                            342 ;	genFunction
                            343 ;	---------------------------------
                            344 ; Function update_score
                            345 ; ---------------------------------
   00D7                     346 ___update_score_start:
   00D7                     347 _update_score:
   00D7 E8 FE               348 	lda	sp,-2(sp)
                            349 ;	src/food-spirit.c 51
                            350 ;	genCast
                            351 ;	AOP_HL for _cooked_percent
                            352 ;	AOP_STK for _update_score_sloc0_1_0
   00D9 21 02 00            353 	ld	hl,#_cooked_percent
   00DC 7E                  354 	ld	a,(hl)
   00DD F8 00               355 	lda	hl,0(sp)
   00DF 22                  356 	ld	(hl+),a
   00E0 36 00               357 	ld	(hl),#0x00
                            358 ;	genAssign
                            359 ;	AOP_STK for 
   00E2 F8 04               360 	lda	hl,4(sp)
   00E4 4E                  361 	ld	c,(hl)
   00E5 23                  362 	inc	hl
   00E6 46                  363 	ld	b,(hl)
                            364 ;	genPlus
                            365 ;	AOP_STK for _update_score_sloc0_1_0
                            366 ;	Can't optimise plus by inc, falling back to the normal way
   00E7 F8 00               367 	lda	hl,0(sp)
   00E9 2A                  368 	ld	a,(hl+)
   00EA 66                  369 	ld	h,(hl)
   00EB 6F                  370 	ld	l,a
   00EC 09                  371 	add	hl,bc
   00ED 4D                  372 	ld	c,l
   00EE 44                  373 	ld	b,h
                            374 ;	genCast
                            375 ;	AOP_HL for _cooked_percent
   00EF 21 02 00            376 	ld	hl,#_cooked_percent
   00F2 71                  377 	ld	(hl),c
                            378 ;	src/food-spirit.c 52
                            379 ;	genCall
                            380 ; _saveRegsForCall: sendSetSize: 0 deInUse: 0 bcInUse: 0 deSending: 0
   00F3 CD A3 00            381 	call	_update_score_display
                            382 ;	genLabel
   00F6                     383 00101$:
                            384 ;	genEndFunction
   00F6 E8 02               385 	lda	sp,2(sp)
   00F8 C9                  386 	ret
   00F9                     387 ___update_score_end:
                            388 ;	src/food-spirit.c 55
                            389 ;	genLabel
                            390 ;	genFunction
                            391 ;	---------------------------------
                            392 ; Function game_loop
                            393 ; ---------------------------------
   00F9                     394 ___game_loop_start:
   00F9                     395 _game_loop:
                            396 	
                            397 ;	src/food-spirit.c 56
                            398 ;	genCall
                            399 ; _saveRegsForCall: sendSetSize: 0 deInUse: 0 bcInUse: 0 deSending: 0
   00F9 CD 00 00            400 	call	_read_controls
                            401 ;	src/food-spirit.c 57
                            402 ;	genCall
                            403 ; _saveRegsForCall: sendSetSize: 0 deInUse: 0 bcInUse: 0 deSending: 0
   00FC CD 75 00            404 	call	_draw_player
                            405 ;	genLabel
   00FF                     406 00101$:
                            407 ;	genEndFunction
                            408 	
   00FF C9                  409 	ret
   0100                     410 ___game_loop_end:
                            411 ;	src/food-spirit.c 60
                            412 ;	genLabel
                            413 ;	genFunction
                            414 ;	---------------------------------
                            415 ; Function init_player
                            416 ; ---------------------------------
   0100                     417 ___init_player_start:
   0100                     418 _init_player:
                            419 	
                            420 ;	src/food-spirit.c 61
                            421 ;	genAssign
                            422 ;	AOP_HL for _player_x
   0100 21 00 00            423 	ld	hl,#_player_x
   0103 36 28               424 	ld	(hl),#0x28
                            425 ;	src/food-spirit.c 62
                            426 ;	genAssign
                            427 ;	AOP_HL for _player_y
   0105 21 01 00            428 	ld	hl,#_player_y
   0108 36 28               429 	ld	(hl),#0x28
                            430 ;	src/food-spirit.c 64
                            431 ;	genIpush
                            432 ; _saveRegsForCall: sendSetSize: 0 deInUse: 0 bcInUse: 0 deSending: 0
   010A 21 55 00            433 	ld	hl,#_PLAYER_SPR_TOP_PAL
   010D E5                  434 	push	hl
                            435 ;	genIpush
   010E 21 35 00            436 	ld	hl,#_PLAYER_SPR_TOP_DATA
   0111 E5                  437 	push	hl
                            438 ;	genIpush
   0112 21 00 00            439 	ld	hl,#0x0000
   0115 E5                  440 	push	hl
                            441 ;	genIpush
   0116 21 00 00            442 	ld	hl,#0x0000
   0119 E5                  443 	push	hl
                            444 ;	genIpush
   011A 21 00 00            445 	ld	hl,#0x0000
   011D E5                  446 	push	hl
                            447 ;	genCall
   011E CD 00 00            448 	call	_set_up_sprite
   0121 E8 0A               449 	lda	sp,10(sp)
                            450 ;	src/food-spirit.c 65
                            451 ;	genIpush
                            452 ; _saveRegsForCall: sendSetSize: 0 deInUse: 0 bcInUse: 0 deSending: 0
   0123 21 5D 00            453 	ld	hl,#_PLAYER_SPR_BOT_PAL
   0126 E5                  454 	push	hl
                            455 ;	genIpush
   0127 21 45 00            456 	ld	hl,#_PLAYER_SPR_BOT_DATA
   012A E5                  457 	push	hl
                            458 ;	genIpush
   012B 21 01 00            459 	ld	hl,#0x0001
   012E E5                  460 	push	hl
                            461 ;	genIpush
   012F 21 01 00            462 	ld	hl,#0x0001
   0132 E5                  463 	push	hl
                            464 ;	genIpush
   0133 21 01 00            465 	ld	hl,#0x0001
   0136 E5                  466 	push	hl
                            467 ;	genCall
   0137 CD 00 00            468 	call	_set_up_sprite
   013A E8 0A               469 	lda	sp,10(sp)
                            470 ;	genLabel
   013C                     471 00101$:
                            472 ;	genEndFunction
                            473 	
   013C C9                  474 	ret
   013D                     475 ___init_player_end:
                            476 ;	src/food-spirit.c 68
                            477 ;	genLabel
                            478 ;	genFunction
                            479 ;	---------------------------------
                            480 ; Function init_bg
                            481 ; ---------------------------------
   013D                     482 ___init_bg_start:
   013D                     483 _init_bg:
                            484 	
                            485 ;	src/food-spirit.c 69
                            486 ;	genIpush
                            487 ; _saveRegsForCall: sendSetSize: 0 deInUse: 0 bcInUse: 0 deSending: 0
   013D 21 65 00            488 	ld	hl,#_BG_PAL_TEXT
   0140 E5                  489 	push	hl
                            490 ;	genIpush
   0141 21 00 01            491 	ld	hl,#0x0100
   0144 E5                  492 	push	hl
                            493 ;	genCall
   0145 CD 00 00            494 	call	_set_bkg_palette
   0148 E8 04               495 	lda	sp,4(sp)
                            496 ;	genLabel
   014A                     497 00101$:
                            498 ;	genEndFunction
                            499 	
   014A C9                  500 	ret
   014B                     501 ___init_bg_end:
                            502 ;	src/food-spirit.c 72
                            503 ;	genLabel
                            504 ;	genFunction
                            505 ;	---------------------------------
                            506 ; Function initialize
                            507 ; ---------------------------------
   014B                     508 ___initialize_start:
   014B                     509 _initialize:
   014B E8 FD               510 	lda	sp,-3(sp)
                            511 ;	src/food-spirit.c 73
                            512 ;	genCall
                            513 ; _saveRegsForCall: sendSetSize: 0 deInUse: 0 bcInUse: 0 deSending: 0
   014D CD 00 00            514 	call	_cgb_compatibility
                            515 ;	src/food-spirit.c 75
                            516 ;	genCall
                            517 ; _saveRegsForCall: sendSetSize: 0 deInUse: 0 bcInUse: 0 deSending: 0
   0150 CD 3D 01            518 	call	_init_bg
                            519 ;	src/food-spirit.c 76
                            520 ;	genCall
                            521 ; _saveRegsForCall: sendSetSize: 0 deInUse: 0 bcInUse: 0 deSending: 0
   0153 CD 00 01            522 	call	_init_player
                            523 ;	src/food-spirit.c 77
                            524 ;	genIpush
                            525 ; _saveRegsForCall: sendSetSize: 0 deInUse: 0 bcInUse: 0 deSending: 0
   0156 21 64 00            526 	ld	hl,#0x0064
   0159 E5                  527 	push	hl
                            528 ;	genCall
   015A CD CC 00            529 	call	_set_score
   015D E8 02               530 	lda	sp,2(sp)
                            531 ;	src/food-spirit.c 78
                            532 ;	genIpush
                            533 ; _saveRegsForCall: sendSetSize: 0 deInUse: 0 bcInUse: 0 deSending: 0
   015F 21 0A 00            534 	ld	hl,#0x000A
   0162 E5                  535 	push	hl
                            536 ;	genCall
   0163 CD CC 00            537 	call	_set_score
   0166 E8 02               538 	lda	sp,2(sp)
                            539 ;	src/food-spirit.c 80
                            540 ;	genAssign
   0168 01 40 FF            541 	ld	bc,#0xFF40
                            542 ;	genAssign
                            543 ;	AOP_STK for _initialize_sloc0_1_0
   016B F8 01               544 	lda	hl,1(sp)
   016D 36 40               545 	ld	(hl),#0x40
   016F 23                  546 	inc	hl
   0170 36 FF               547 	ld	(hl),#0xFF
                            548 ;	genPointerGet
                            549 ;	AOP_STK for _initialize_sloc0_1_0
                            550 ;	AOP_STK for _initialize_sloc1_1_0
   0172 2B                  551 	dec	hl
   0173 5E                  552 	ld	e,(hl)
   0174 23                  553 	inc	hl
   0175 56                  554 	ld	d,(hl)
   0176 1A                  555 	ld	a,(de)
   0177 2B                  556 	dec	hl
   0178 2B                  557 	dec	hl
                            558 ;	genOr
                            559 ;	AOP_STK for _initialize_sloc1_1_0
   0179 77                  560 	ld      (hl),a
   017A 7F                  561 	ld      a,a
   017B F6 02               562 	or	a,#0x02
                            563 ;	genAssign (pointer)
   017D 02                  564 	ld	(bc),a
                            565 ;	genLabel
   017E                     566 00101$:
                            567 ;	genEndFunction
   017E E8 03               568 	lda	sp,3(sp)
   0180 C9                  569 	ret
   0181                     570 ___initialize_end:
                            571 ;	src/food-spirit.c 83
                            572 ;	genLabel
                            573 ;	genFunction
                            574 ;	---------------------------------
                            575 ; Function main
                            576 ; ---------------------------------
   0181                     577 ___main_start:
   0181                     578 _main:
                            579 	
                            580 ;	src/food-spirit.c 84
                            581 ;	genCall
                            582 ; _saveRegsForCall: sendSetSize: 0 deInUse: 0 bcInUse: 0 deSending: 0
   0181 CD 4B 01            583 	call	_initialize
                            584 ;	src/food-spirit.c 86
                            585 ;	genLabel
   0184                     586 00102$:
                            587 ;	src/food-spirit.c 87
                            588 ;	genCall
                            589 ; _saveRegsForCall: sendSetSize: 0 deInUse: 0 bcInUse: 0 deSending: 0
   0184 CD 00 00            590 	call	_wait_vbl_done
                            591 ;	src/food-spirit.c 88
                            592 ;	genCall
                            593 ; _saveRegsForCall: sendSetSize: 0 deInUse: 0 bcInUse: 0 deSending: 0
   0187 CD F9 00            594 	call	_game_loop
                            595 ;	genGoto
   018A C3 84 01            596 	jp	00102$
                            597 ;	genLabel
   018D                     598 00104$:
                            599 ;	genEndFunction
                            600 	
   018D C9                  601 	ret
   018E                     602 ___main_end:
                            603 	.area _CODE
ASxxxx Assembler V01.75  (GameBoy Z80-like CPU), page 1.

Symbol Table

  0 _BG_PAL_1                          006D GR
  0 _BG_PAL_TEXT                       0065 GR
  0 _PLAYER_SPR_BOT_DATA               0045 GR
  0 _PLAYER_SPR_BOT_PAL                005D GR
  0 _PLAYER_SPR_TOP_DATA               0035 GR
  0 _PLAYER_SPR_TOP_PAL                0055 GR
  0 ___draw_player_end                 00A3 R
  0 ___draw_player_start               0075 R
  0 ___game_loop_end                   0100 R
  0 ___game_loop_start                 00F9 R
  0 ___init_bg_end                     014B R
  0 ___init_bg_start                   013D R
  0 ___init_player_end                 013D R
  0 ___init_player_start               0100 R
  0 ___initialize_end                  0181 R
  0 ___initialize_start                014B R
  0 ___main_end                        018E R
  0 ___main_start                      0181 R
  0 ___read_controls_end               0035 R
  0 ___read_controls_start             0000 R
  0 ___set_score_end                   00D7 R
  0 ___set_score_start                 00CC R
  0 ___update_score_display_end        00BF R
  0 ___update_score_display_start      00A3 R
  0 ___update_score_end                00F9 R
  0 ___update_score_start              00D7 R
  0 __str_0                            00BF R
    _cgb_compatibility                 **** GX
  1 _cooked_percent                    0002 GR
  0 _draw_player                       0075 GR
  0 _game_loop                         00F9 GR
    _gotogxy                           **** GX
    _gprintf                           **** GX
  0 _init_bg                           013D GR
  0 _init_player                       0100 GR
  0 _initialize                        014B GR
    _joypad                            **** GX
  0 _main                              0181 GR
    _move_sprite                       **** GX
  1 _player_x                          0000 GR
  1 _player_y                          0001 GR
  0 _read_controls                     0000 GR
    _set_bkg_palette                   **** GX
  0 _set_score                         00CC GR
    _set_up_sprite                     **** GX
  0 _update_score                      00D7 GR
  0 _update_score_display              00A3 GR
    _wait_vbl_done                     **** GX

ASxxxx Assembler V01.75  (GameBoy Z80-like CPU), page 2.

Area Table

   0 _CODE                              size  18E   flags 0
   1 _DATA                              size    3   flags 0
   2 _OVERLAY                           size    0   flags 0
   3 _ISEG                              size    0   flags 0
   4 _BSEG                              size    0   flags 0
   5 _XSEG                              size    0   flags 0
   6 _GSINIT                            size    0   flags 0
   7 _GSFINAL                           size    0   flags 0
   8 _HOME                              size    0   flags 0
